[debug] [2019-02-12T16:27:52.819Z] ----------------------------------------------------------------------
[debug] [2019-02-12T16:27:52.822Z] Command:       C:\Program Files\nodejs\node.exe C:\Users\FerreiraA\AppData\Roaming\npm\node_modules\firebase-tools\lib\bin\firebase.js deploy
[debug] [2019-02-12T16:27:52.822Z] CLI Version:   6.3.1
[debug] [2019-02-12T16:27:52.822Z] Platform:      win32
[debug] [2019-02-12T16:27:52.822Z] Node Version:  v11.2.0
[debug] [2019-02-12T16:27:52.823Z] Time:          Tue Feb 12 2019 16:27:52 GMT+0000 (Greenwich Mean Time)
[debug] [2019-02-12T16:27:52.823Z] ----------------------------------------------------------------------
[debug] 
[debug] [2019-02-12T16:27:52.831Z] > command requires scopes: ["email","openid","https://www.googleapis.com/auth/cloudplatformprojects.readonly","https://www.googleapis.com/auth/firebase","https://www.googleapis.com/auth/cloud-platform"]
[debug] [2019-02-12T16:27:52.832Z] > authorizing via signed-in user
[debug] [2019-02-12T16:27:52.832Z] [iam] checking project hearthdb-b1466 for permissions ["firebase.projects.get","firebasehosting.sites.update"]
[debug] [2019-02-12T16:27:52.833Z] >>> HTTP REQUEST POST https://cloudresourcemanager.googleapis.com/v1/projects/hearthdb-b1466:testIamPermissions  

[debug] [2019-02-12T16:27:52.960Z] Error: read ECONNRESET
    at TLSWrap.onStreamRead (internal/stream_base_commons.js:139:27)
[error] 
[error] Error: Server Error. read ECONNRESET
[debug] [2019-02-12T16:29:04.513Z] ----------------------------------------------------------------------
[debug] [2019-02-12T16:29:04.516Z] Command:       C:\Program Files\nodejs\node.exe C:\Users\FerreiraA\AppData\Roaming\npm\node_modules\firebase-tools\lib\bin\firebase.js deploy
[debug] [2019-02-12T16:29:04.516Z] CLI Version:   6.3.1
[debug] [2019-02-12T16:29:04.516Z] Platform:      win32
[debug] [2019-02-12T16:29:04.516Z] Node Version:  v11.2.0
[debug] [2019-02-12T16:29:04.517Z] Time:          Tue Feb 12 2019 16:29:04 GMT+0000 (Greenwich Mean Time)
[debug] [2019-02-12T16:29:04.517Z] ----------------------------------------------------------------------
[debug] 
[debug] [2019-02-12T16:29:04.526Z] > command requires scopes: ["email","openid","https://www.googleapis.com/auth/cloudplatformprojects.readonly","https://www.googleapis.com/auth/firebase","https://www.googleapis.com/auth/cloud-platform"]
[debug] [2019-02-12T16:29:04.526Z] > authorizing via signed-in user
[debug] [2019-02-12T16:29:04.527Z] [iam] checking project hearthdb-b1466 for permissions ["firebase.projects.get","firebasehosting.sites.update"]
[debug] [2019-02-12T16:29:04.528Z] >>> HTTP REQUEST POST https://cloudresourcemanager.googleapis.com/v1/projects/hearthdb-b1466:testIamPermissions  

[debug] [2019-02-12T16:29:04.687Z] Error: read ECONNRESET
    at TLSWrap.onStreamRead (internal/stream_base_commons.js:139:27)
[error] 
[error] Error: Server Error. read ECONNRESET
[debug] [2019-02-12T16:53:28.197Z] ----------------------------------------------------------------------
[debug] [2019-02-12T16:53:28.201Z] Command:       C:\Program Files\nodejs\node.exe C:\Users\FerreiraA\AppData\Roaming\npm\node_modules\firebase-tools\lib\bin\firebase.js deploy
[debug] [2019-02-12T16:53:28.201Z] CLI Version:   6.3.1
[debug] [2019-02-12T16:53:28.201Z] Platform:      win32
[debug] [2019-02-12T16:53:28.201Z] Node Version:  v11.2.0
[debug] [2019-02-12T16:53:28.202Z] Time:          Tue Feb 12 2019 16:53:28 GMT+0000 (Greenwich Mean Time)
[debug] [2019-02-12T16:53:28.202Z] ----------------------------------------------------------------------
[debug] 
[debug] [2019-02-12T16:53:28.212Z] > command requires scopes: ["email","openid","https://www.googleapis.com/auth/cloudplatformprojects.readonly","https://www.googleapis.com/auth/firebase","https://www.googleapis.com/auth/cloud-platform"]
[debug] [2019-02-12T16:53:28.212Z] > authorizing via signed-in user
[debug] [2019-02-12T16:53:28.212Z] [iam] checking project hearthdb-b1466 for permissions ["firebase.projects.get","firebasehosting.sites.update"]
[debug] [2019-02-12T16:53:28.215Z] >>> HTTP REQUEST POST https://cloudresourcemanager.googleapis.com/v1/projects/hearthdb-b1466:testIamPermissions  

[debug] [2019-02-12T16:53:28.400Z] Error: read ECONNRESET
    at TLSWrap.onStreamRead (internal/stream_base_commons.js:139:27)
[error] 
[error] Error: Server Error. read ECONNRESET
[debug] [2019-02-12T16:58:40.168Z] ----------------------------------------------------------------------
[debug] [2019-02-12T16:58:40.172Z] Command:       C:\Program Files\nodejs\node.exe C:\Users\FerreiraA\AppData\Roaming\npm\node_modules\firebase-tools\lib\bin\firebase.js init
[debug] [2019-02-12T16:58:40.172Z] CLI Version:   6.3.1
[debug] [2019-02-12T16:58:40.172Z] Platform:      win32
[debug] [2019-02-12T16:58:40.172Z] Node Version:  v11.2.0
[debug] [2019-02-12T16:58:40.173Z] Time:          Tue Feb 12 2019 16:58:40 GMT+0000 (Greenwich Mean Time)
[debug] [2019-02-12T16:58:40.173Z] ----------------------------------------------------------------------
[debug] 
[debug] [2019-02-12T16:58:40.184Z] > command requires scopes: ["email","openid","https://www.googleapis.com/auth/cloudplatformprojects.readonly","https://www.googleapis.com/auth/firebase","https://www.googleapis.com/auth/cloud-platform"]
[debug] [2019-02-12T16:58:40.184Z] > authorizing via signed-in user
[info] 
     ######## #### ########  ######## ########     ###     ######  ########
     ##        ##  ##     ## ##       ##     ##  ##   ##  ##       ##
     ######    ##  ########  ######   ########  #########  ######  ######
     ##        ##  ##    ##  ##       ##     ## ##     ##       ## ##
     ##       #### ##     ## ######## ########  ##     ##  ######  ########

You're about to initialize a Firebase project in this directory:

  C:\Users\FerreiraA\Downloads\app\hearthdb

Before we get started, keep in mind:

  * You are initializing in an existing Firebase project directory

[info] 
=== Project Setup
[info] 
[info] First, let's associate this project directory with a Firebase project.
[info] You can create multiple project aliases by running firebase use --add, 
[info] but for now we'll just set up a default project.
[info] 
[debug] [2019-02-12T16:59:03.868Z] >>> HTTP REQUEST GET https://firebase.googleapis.com/v1beta1/projects/hearthdb-b1466  
 
[debug] [2019-02-12T16:59:04.123Z] <<< HTTP RESPONSE 200
[info] i  Using project hearthdb-b1466 (HearthDB)
[info] 
=== Functions Setup
[info] 
[info] A functions directory will be created in your project with a Node.js
[info] package pre-configured. Functions can be deployed with firebase deploy.
[info] 
[debug] [2019-02-12T16:59:04.128Z] > command requires scopes: ["email","openid","https://www.googleapis.com/auth/cloudplatformprojects.readonly","https://www.googleapis.com/auth/firebase","https://www.googleapis.com/auth/cloud-platform"]
[debug] [2019-02-12T16:59:04.128Z] > authorizing via signed-in user
[debug] [2019-02-12T16:59:04.128Z] >>> HTTP REQUEST GET https://firebase.googleapis.com/v1beta1/projects/hearthdb-b1466  
 
[debug] [2019-02-12T16:59:04.310Z] <<< HTTP RESPONSE 200
[debug] [2019-02-12T16:59:04.312Z] >>> HTTP REQUEST PATCH https://servicemanagement.googleapis.com/v1/services/cloudfunctions.googleapis.com/projectSettings/hearthdb-b1466?updateMask=usageSettings  

[debug] [2019-02-12T16:59:04.312Z] >>> HTTP REQUEST PATCH https://servicemanagement.googleapis.com/v1/services/runtimeconfig.googleapis.com/projectSettings/hearthdb-b1466?updateMask=usageSettings  

[debug] [2019-02-12T16:59:06.101Z] <<< HTTP RESPONSE 200
[debug] [2019-02-12T16:59:06.438Z] <<< HTTP RESPONSE 200
